#
# A fatal error has been detected by the Java Runtime Environment:
#
#  EXCEPTION_ACCESS_VIOLATION (0xc0000005) at pc=0xffffffffa50c5120, pid=8164, tid=7652
#
# JRE version: Java(TM) SE Runtime Environment (8.0_72-b15) (build 1.8.0_72-b15)
# Java VM: Java HotSpot(TM) 64-Bit Server VM (25.72-b15 mixed mode windows-amd64 compressed oops)
# Problematic frame:
# C  0xffffffffa50c5120
#
# Failed to write core dump. Minidumps are not enabled by default on client versions of Windows
#
# If you would like to submit a bug report, please visit:
#   http://bugreport.java.com/bugreport/crash.jsp
#

---------------  T H R E A D  ---------------

Current thread (0x000000001757d800):  JavaThread "Daemon worker Thread 2" [_thread_in_Java, id=7652, stack(0x00000000186c0000,0x00000000187c0000)]

siginfo: ExceptionCode=0xc0000005, ExceptionInformation=0x0000000000000008 0xffffffffa50c5120

Registers:
RAX=0x00000000ec3def20, RBX=0x0000000018aa0980, RCX=0x0000000000001423, RDX=0x00000000eba7ee48
RSP=0x00000000187bbc58, RBP=0x00000000eba7ee48, RSI=0x0000000010e80000, RDI=0x00000000eb5dd9b0
R8 =0x00000000ec3def20, R9 =0x00000000eb5dd9b0, R10=0x00000000eba7ee48, R11=0x00000000200fb7e1
R12=0x0000000000000000, R13=0x00000000187bbd80, R14=0x0000000000000000, R15=0x000000001757d800
RIP=0xffffffffa50c5120, EFLAGS=0x0000000000010202

Top of Stack: (sp=0x00000000187bbc58)
0x00000000187bbc58:   000000000421bee4 00000000187bbc60
0x00000000187bbc68:   000000001f756298 00000000187bbce0
0x00000000187bbc78:   000000001f760028 0000000000000000
0x00000000187bbc88:   000000001f7562f8 0000000000000000
0x00000000187bbc98:   00000000187bbcf0 00000000eba7ee48
0x00000000187bbca8:   00000000040a300c 0000000000000000
0x00000000187bbcb8:   0000000000000000 0000000000000000
0x00000000187bbcc8:   00000000ec3def60 00000000eba7ee48
0x00000000187bbcd8:   0000000000000000 0000000010e80000
0x00000000187bbce8:   00000000f03797e0 00000000eb5dd9b0
0x00000000187bbcf8:   0000000000000000 00000000eba7ee48
0x00000000187bbd08:   00000000023dfa50 00000000eb3c5a30
0x00000000187bbd18:   0000000000001ad3 00000000eba7ee48
0x00000000187bbd28:   000000000428430c 00000000eba7ee48
0x00000000187bbd38:   00000000ec3def60 00000000f036f3a0
0x00000000187bbd48:   00000000eba7ee48 00000000eb3c5a30 

Instructions: (pc=0xffffffffa50c5120)
0xffffffffa50c5100:   
[error occurred during error reporting (printing registers, top of stack, instructions near pc), id 0xc0000005]

Register to memory mapping:

RAX=0x00000000ec3def20 is an oop
com.sun.tools.javac.tree.JCTree$JCLiteral 
 - klass: 'com/sun/tools/javac/tree/JCTree$JCLiteral'
RBX={method} {0x0000000018aa0988} 'visitLiteral' '(Lcom/sun/tools/javac/tree/JCTree$JCLiteral;)V' in 'com/sun/tools/javac/tree/TreeTranslator'
RCX=0x0000000000001423 is an unknown value
RDX=0x00000000eba7ee48 is an oop
com.sun.tools.javac.comp.Lower 
 - klass: 'com/sun/tools/javac/comp/Lower'
RSP=0x00000000187bbc58 is pointing into the stack for thread: 0x000000001757d800
RBP=0x00000000eba7ee48 is an oop
com.sun.tools.javac.comp.Lower 
 - klass: 'com/sun/tools/javac/comp/Lower'
RSI=0x0000000010e80000 is an unknown value
RDI=0x00000000eb5dd9b0 is an oop
com.sun.tools.javac.code.Type$JCPrimitiveType 
 - klass: 'com/sun/tools/javac/code/Type$JCPrimitiveType'
R8 =0x00000000ec3def20 is an oop
com.sun.tools.javac.tree.JCTree$JCLiteral 
 - klass: 'com/sun/tools/javac/tree/JCTree$JCLiteral'
R9 =0x00000000eb5dd9b0 is an oop
com.sun.tools.javac.code.Type$JCPrimitiveType 
 - klass: 'com/sun/tools/javac/code/Type$JCPrimitiveType'
R10=0x00000000eba7ee48 is an oop
com.sun.tools.javac.comp.Lower 
 - klass: 'com/sun/tools/javac/comp/Lower'
R11=0x00000000200fb7e1 is an unknown value
R12=0x0000000000000000 is an unknown value
R13=0x00000000187bbd80 is pointing into the stack for thread: 0x000000001757d800
R14=0x0000000000000000 is an unknown value
R15=0x000000001757d800 is a thread


Stack: [0x00000000186c0000,0x00000000187c0000],  sp=0x00000000187bbc58,  free space=1007k
Native frames: (J=compiled Java code, j=interpreted, Vv=VM code, C=native code)
C  0xffffffffa50c5120


---------------  P R O C E S S  ---------------

Java Threads: ( => current thread )
  0x000000001757c000 JavaThread "Stdin handler" [_thread_blocked, id=664, stack(0x00000000187c0000,0x00000000188c0000)]
=>0x000000001757d800 JavaThread "Daemon worker Thread 2" [_thread_in_Java, id=7652, stack(0x00000000186c0000,0x00000000187c0000)]
  0x0000000017582000 JavaThread "Cancel handler" [_thread_blocked, id=1912, stack(0x00000000185c0000,0x00000000186c0000)]
  0x000000001757f000 JavaThread "Handler for socket connection from /127.0.0.1:49943 to /127.0.0.1:50045" [_thread_in_native, id=7536, stack(0x0000000001c90000,0x0000000001d90000)]
  0x0000000017583000 JavaThread "Daemon Thread 2" [_thread_blocked, id=5672, stack(0x00000000002d0000,0x00000000003d0000)]
  0x00000000198a9000 JavaThread "File lock request listener" [_thread_in_native, id=7296, stack(0x000000001b060000,0x000000001b160000)]
  0x0000000017129800 JavaThread "Incoming local TCP Connector on port 49943" [_thread_in_native, id=7756, stack(0x00000000181e0000,0x00000000182e0000)]
  0x0000000015fd6000 JavaThread "Service Thread" daemon [_thread_blocked, id=7324, stack(0x00000000164d0000,0x00000000165d0000)]
  0x0000000015fd0800 JavaThread "C1 CompilerThread2" daemon [_thread_blocked, id=7532, stack(0x00000000163d0000,0x00000000164d0000)]
  0x00000000147ec000 JavaThread "C2 CompilerThread1" daemon [_thread_in_native, id=6160, stack(0x0000000015ed0000,0x0000000015fd0000)]
  0x000000001478c800 JavaThread "C2 CompilerThread0" daemon [_thread_blocked, id=7684, stack(0x0000000015dd0000,0x0000000015ed0000)]
  0x000000001478b800 JavaThread "Attach Listener" daemon [_thread_blocked, id=6164, stack(0x0000000015cd0000,0x0000000015dd0000)]
  0x000000001478a000 JavaThread "Signal Dispatcher" daemon [_thread_blocked, id=7504, stack(0x0000000015bd0000,0x0000000015cd0000)]
  0x00000000020bb000 JavaThread "Finalizer" daemon [_thread_blocked, id=6536, stack(0x00000000159f0000,0x0000000015af0000)]
  0x00000000020b0000 JavaThread "Reference Handler" daemon [_thread_blocked, id=7372, stack(0x00000000158f0000,0x00000000159f0000)]
  0x0000000001fc2800 JavaThread "main" [_thread_blocked, id=7388, stack(0x0000000001ec0000,0x0000000001fc0000)]

Other Threads:
  0x0000000014757800 VMThread [stack: 0x00000000157f0000,0x00000000158f0000] [id=7328]
  0x0000000015fed000 WatcherThread [stack: 0x00000000165d0000,0x00000000166d0000] [id=7508]

VM state:not at safepoint (normal execution)

VM Mutex/Monitor currently owned by a thread: None

Heap:
 PSYoungGen      total 321024K, used 102787K [0x00000000eab00000, 0x0000000100000000, 0x0000000100000000)
  eden space 290816K, 31% used [0x00000000eab00000,0x00000000f03c2340,0x00000000fc700000)
  from space 30208K, 39% used [0x00000000fe280000,0x00000000fee1ea08,0x0000000100000000)
  to   space 28160K, 0% used [0x00000000fc700000,0x00000000fc700000,0x00000000fe280000)
 ParOldGen       total 98816K, used 57255K [0x00000000c0000000, 0x00000000c6080000, 0x00000000eab00000)
  object space 98816K, 57% used [0x00000000c0000000,0x00000000c37e9e48,0x00000000c6080000)
 Metaspace       used 57757K, capacity 59916K, committed 60160K, reserved 1101824K
  class space    used 7650K, capacity 8186K, committed 8192K, reserved 1048576K

Card table byte_map: [0x0000000011480000,0x0000000011690000] byte_map_base: 0x0000000010e80000

Marking Bits: (ParMarkBitMap*) 0x0000000051ce0600
 Begin Bits: [0x0000000011bf0000, 0x0000000012bf0000)
 End Bits:   [0x0000000012bf0000, 0x0000000013bf0000)

Polling page: 0x0000000001dc0000

CodeCache: size=245760Kb used=34668Kb max_used=34680Kb free=211091Kb
 bounds [0x00000000020c0000, 0x00000000042d0000, 0x00000000110c0000]
 total_blobs=10141 nmethods=9401 adapters=653
 compilation: enabled

Compilation events (10 events):
Event: 165.603 Thread 0x000000001478c800 11416       4       com.sun.tools.javac.code.Types::memberType (33 bytes)
Event: 165.603 Thread 0x0000000015fd0800 nmethod 11414 0x00000000042c36d0 code [0x00000000042c38e0, 0x00000000042c45c8]
Event: 165.603 Thread 0x0000000015fd0800 11415       3       com.sun.tools.javac.tree.TreeScanner::visitMethodDef (65 bytes)
Event: 165.605 Thread 0x0000000015fd0800 nmethod 11415 0x00000000042c4a10 code [0x00000000042c4c80, 0x00000000042c5fd8]
Event: 165.605 Thread 0x00000000147ec000 11417       4       com.sun.tools.javac.code.Symbol$ClassSymbol::isSubClass (129 bytes)
Event: 165.606 Thread 0x000000001478c800 nmethod 11416 0x00000000042c9250 code [0x00000000042c93a0, 0x00000000042c94d8]
Event: 165.608 Thread 0x0000000015fd0800 11418       3       com.sun.tools.javac.tree.JCTree$JCClassDecl::accept (6 bytes)
Event: 165.608 Thread 0x0000000015fd0800 nmethod 11418 0x00000000042c8dd0 code [0x00000000042c8f40, 0x00000000042c9168]
Event: 165.609 Thread 0x000000001478c800 11419       4       com.sun.tools.javac.comp.Lower::boxIfNeeded (109 bytes)
Event: 165.610 Thread 0x000000001478c800 nmethod 11419 0x00000000042c74d0 code [0x00000000042c7620, 0x00000000042c7758]

GC Heap History (10 events):
Event: 56.448 GC heap before
{Heap before GC invocations=11 (full 2):
 PSYoungGen      total 282624K, used 129246K [0x00000000eab00000, 0x00000000ffc00000, 0x0000000100000000)
  eden space 264192K, 41% used [0x00000000eab00000,0x00000000f1737988,0x00000000fad00000)
  from space 18432K, 99% used [0x00000000fea00000,0x00000000ffbfff88,0x00000000ffc00000)
  to   space 23552K, 0% used [0x00000000fce00000,0x00000000fce00000,0x00000000fe500000)
 ParOldGen       total 98816K, used 24173K [0x00000000c0000000, 0x00000000c6080000, 0x00000000eab00000)
  object space 98816K, 24% used [0x00000000c0000000,0x00000000c179b740,0x00000000c6080000)
 Metaspace       used 46497K, capacity 48206K, committed 48256K, reserved 1091584K
  class space    used 6349K, capacity 6777K, committed 6784K, reserved 1048576K
Event: 56.847 GC heap after
Heap after GC invocations=11 (full 2):
 PSYoungGen      total 287744K, used 23527K [0x00000000eab00000, 0x00000000fea80000, 0x0000000100000000)
  eden space 264192K, 0% used [0x00000000eab00000,0x00000000eab00000,0x00000000fad00000)
  from space 23552K, 99% used [0x00000000fce00000,0x00000000fe4f9dd8,0x00000000fe500000)
  to   space 5632K, 0% used [0x00000000fe500000,0x00000000fe500000,0x00000000fea80000)
 ParOldGen       total 98816K, used 26040K [0x00000000c0000000, 0x00000000c6080000, 0x00000000eab00000)
  object space 98816K, 26% used [0x00000000c0000000,0x00000000c196e328,0x00000000c6080000)
 Metaspace       used 46497K, capacity 48206K, committed 48256K, reserved 1091584K
  class space    used 6349K, capacity 6777K, committed 6784K, reserved 1048576K
}
Event: 56.847 GC heap before
{Heap before GC invocations=12 (full 3):
 PSYoungGen      total 287744K, used 23527K [0x00000000eab00000, 0x00000000fea80000, 0x0000000100000000)
  eden space 264192K, 0% used [0x00000000eab00000,0x00000000eab00000,0x00000000fad00000)
  from space 23552K, 99% used [0x00000000fce00000,0x00000000fe4f9dd8,0x00000000fe500000)
  to   space 5632K, 0% used [0x00000000fe500000,0x00000000fe500000,0x00000000fea80000)
 ParOldGen       total 98816K, used 26040K [0x00000000c0000000, 0x00000000c6080000, 0x00000000eab00000)
  object space 98816K, 26% used [0x00000000c0000000,0x00000000c196e328,0x00000000c6080000)
 Metaspace       used 46497K, capacity 48206K, committed 48256K, reserved 1091584K
  class space    used 6349K, capacity 6777K, committed 6784K, reserved 1048576K
Event: 58.553 GC heap after
Heap after GC invocations=12 (full 3):
 PSYoungGen      total 287744K, used 0K [0x00000000eab00000, 0x00000000fea80000, 0x0000000100000000)
  eden space 264192K, 0% used [0x00000000eab00000,0x00000000eab00000,0x00000000fad00000)
  from space 23552K, 0% used [0x00000000fce00000,0x00000000fce00000,0x00000000fe500000)
  to   space 5632K, 0% used [0x00000000fe500000,0x00000000fe500000,0x00000000fea80000)
 ParOldGen       total 98816K, used 41144K [0x00000000c0000000, 0x00000000c6080000, 0x00000000eab00000)
  object space 98816K, 41% used [0x00000000c0000000,0x00000000c282e308,0x00000000c6080000)
 Metaspace       used 46497K, capacity 48206K, committed 48256K, reserved 1091584K
  class space    used 6349K, capacity 6777K, committed 6784K, reserved 1048576K
}
Event: 81.839 GC heap before
{Heap before GC invocations=13 (full 3):
 PSYoungGen      total 287744K, used 264192K [0x00000000eab00000, 0x00000000fea80000, 0x0000000100000000)
  eden space 264192K, 100% used [0x00000000eab00000,0x00000000fad00000,0x00000000fad00000)
  from space 23552K, 0% used [0x00000000fce00000,0x00000000fce00000,0x00000000fe500000)
  to   space 5632K, 0% used [0x00000000fe500000,0x00000000fe500000,0x00000000fea80000)
 ParOldGen       total 98816K, used 41144K [0x00000000c0000000, 0x00000000c6080000, 0x00000000eab00000)
  object space 98816K, 41% used [0x00000000c0000000,0x00000000c282e308,0x00000000c6080000)
 Metaspace       used 49542K, capacity 51552K, committed 51840K, reserved 1093632K
  class space    used 6726K, capacity 7218K, committed 7296K, reserved 1048576K
Event: 81.928 GC heap after
Heap after GC invocations=13 (full 3):
 PSYoungGen      total 297472K, used 5614K [0x00000000eab00000, 0x0000000100000000, 0x0000000100000000)
  eden space 291840K, 0% used [0x00000000eab00000,0x00000000eab00000,0x00000000fc800000)
  from space 5632K, 99% used [0x00000000fe500000,0x00000000fea7ba98,0x00000000fea80000)
  to   space 28672K, 0% used [0x00000000fc800000,0x00000000fc800000,0x00000000fe400000)
 ParOldGen       total 98816K, used 51604K [0x00000000c0000000, 0x00000000c6080000, 0x00000000eab00000)
  object space 98816K, 52% used [0x00000000c0000000,0x00000000c32652d8,0x00000000c6080000)
 Metaspace       used 49542K, capacity 51552K, committed 51840K, reserved 1093632K
  class space    used 6726K, capacity 7218K, committed 7296K, reserved 1048576K
}
Event: 91.780 GC heap before
{Heap before GC invocations=14 (full 3):
 PSYoungGen      total 297472K, used 297454K [0x00000000eab00000, 0x0000000100000000, 0x0000000100000000)
  eden space 291840K, 100% used [0x00000000eab00000,0x00000000fc800000,0x00000000fc800000)
  from space 5632K, 99% used [0x00000000fe500000,0x00000000fea7ba98,0x00000000fea80000)
  to   space 28672K, 0% used [0x00000000fc800000,0x00000000fc800000,0x00000000fe400000)
 ParOldGen       total 98816K, used 51604K [0x00000000c0000000, 0x00000000c6080000, 0x00000000eab00000)
  object space 98816K, 52% used [0x00000000c0000000,0x00000000c32652d8,0x00000000c6080000)
 Metaspace       used 51055K, capacity 53094K, committed 53248K, reserved 1095680K
  class space    used 6865K, capacity 7347K, committed 7424K, reserved 1048576K
Event: 91.852 GC heap after
Heap after GC invocations=14 (full 3):
 PSYoungGen      total 312320K, used 20295K [0x00000000eab00000, 0x0000000100000000, 0x0000000100000000)
  eden space 291840K, 0% used [0x00000000eab00000,0x00000000eab00000,0x00000000fc800000)
  from space 20480K, 99% used [0x00000000fc800000,0x00000000fdbd1c00,0x00000000fdc00000)
  to   space 30208K, 0% used [0x00000000fe280000,0x00000000fe280000,0x0000000100000000)
 ParOldGen       total 98816K, used 57247K [0x00000000c0000000, 0x00000000c6080000, 0x00000000eab00000)
  object space 98816K, 57% used [0x00000000c0000000,0x00000000c37e7e48,0x00000000c6080000)
 Metaspace       used 51055K, capacity 53094K, committed 53248K, reserved 1095680K
  class space    used 6865K, capacity 7347K, committed 7424K, reserved 1048576K
}
Event: 162.171 GC heap before
{Heap before GC invocations=15 (full 3):
 PSYoungGen      total 312320K, used 312135K [0x00000000eab00000, 0x0000000100000000, 0x0000000100000000)
  eden space 291840K, 100% used [0x00000000eab00000,0x00000000fc800000,0x00000000fc800000)
  from space 20480K, 99% used [0x00000000fc800000,0x00000000fdbd1c00,0x00000000fdc00000)
  to   space 30208K, 0% used [0x00000000fe280000,0x00000000fe280000,0x0000000100000000)
 ParOldGen       total 98816K, used 57247K [0x00000000c0000000, 0x00000000c6080000, 0x00000000eab00000)
  object space 98816K, 57% used [0x00000000c0000000,0x00000000c37e7e48,0x00000000c6080000)
 Metaspace       used 52540K, capacity 54796K, committed 55040K, reserved 1097728K
  class space    used 7043K, capacity 7610K, committed 7680K, reserved 1048576K
Event: 162.211 GC heap after
Heap after GC invocations=15 (full 3):
 PSYoungGen      total 321024K, used 11898K [0x00000000eab00000, 0x0000000100000000, 0x0000000100000000)
  eden space 290816K, 0% used [0x00000000eab00000,0x00000000eab00000,0x00000000fc700000)
  from space 30208K, 39% used [0x00000000fe280000,0x00000000fee1ea08,0x0000000100000000)
  to   space 28160K, 0% used [0x00000000fc700000,0x00000000fc700000,0x00000000fe280000)
 ParOldGen       total 98816K, used 57255K [0x00000000c0000000, 0x00000000c6080000, 0x00000000eab00000)
  object space 98816K, 57% used [0x00000000c0000000,0x00000000c37e9e48,0x00000000c6080000)
 Metaspace       used 52540K, capacity 54796K, committed 55040K, reserved 1097728K
  class space    used 7043K, capacity 7610K, committed 7680K, reserved 1048576K
}

Deoptimization events (10 events):
Event: 164.935 Thread 0x000000001757d800 Uncommon trap: reason=class_check action=maybe_recompile pc=0x0000000002c4f3cc method=com.sun.tools.javac.code.Types$19.visitClassType(Lcom/sun/tools/javac/code/Type$ClassType;Ljava/lang/Void;)Lcom/sun/tools/javac/util/List; @ 46
Event: 164.947 Thread 0x000000001757d800 Uncommon trap: reason=class_check action=maybe_recompile pc=0x0000000002c4f3cc method=com.sun.tools.javac.code.Types$19.visitClassType(Lcom/sun/tools/javac/code/Type$ClassType;Ljava/lang/Void;)Lcom/sun/tools/javac/util/List; @ 46
Event: 164.954 Thread 0x000000001757d800 Uncommon trap: reason=class_check action=maybe_recompile pc=0x0000000002cf1928 method=com.sun.tools.javac.code.Types$19.visitClassType(Lcom/sun/tools/javac/code/Type$ClassType;Ljava/lang/Void;)Lcom/sun/tools/javac/util/List; @ 46
Event: 164.963 Thread 0x000000001757d800 Uncommon trap: reason=class_check action=maybe_recompile pc=0x00000000040b84cc method=com.sun.tools.javac.comp.MemberEnter.annotateLater(Lcom/sun/tools/javac/util/List;Lcom/sun/tools/javac/comp/Env;Lcom/sun/tools/javac/code/Symbol;Lcom/sun/tools/javac/util{ŠºòÓžd@
Event: 164.963 Thread 0x000000001757d800 Uncommon trap: reason=class_check action=maybe_recompile pc=0x000000000415cdc0 method=com.sun.tools.javac.code.Type$ClassType.allparams()Lcom/sun/tools/javac/util/List; @ 16
Event: 164.981 Thread 0x000000001757d800 Uncommon trap: reason=class_check action=maybe_recompile pc=0x0000000004134150 method=com.sun.tools.javac.code.Type.containsAny(Lcom/sun/tools/javac/util/List;)Z @ 6
Event: 165.244 Thread 0x000000001757d800 Uncommon trap: reason=bimorphic action=maybe_recompile pc=0x00000000042341e8 method=com.sun.tools.javac.model.FilteredMemberList.unwanted(Lcom/sun/tools/javac/code/Symbol;)Z @ 5
Event: 165.244 Thread 0x000000001757d800 Uncommon trap: reason=bimorphic action=maybe_recompile pc=0x00000000042341e8 method=com.sun.tools.javac.model.FilteredMemberList.unwanted(Lcom/sun/tools/javac/code/Symbol;)Z @ 5
Event: 165.244 Thread 0x000000001757d800 Uncommon trap: reason=bimorphic action=maybe_recompile pc=0x00000000042341e8 method=com.sun.tools.javac.model.FilteredMemberList.unwanted(Lcom/sun/tools/javac/code/Symbol;)Z @ 5
Event: 165.245 Thread 0x000000001757d800 Uncommon trap: reason=bimorphic action=maybe_recompile pc=0x00000000042341e8 method=com.sun.tools.javac.model.FilteredMemberList.unwanted(Lcom/sun/tools/javac/code/Symbol;)Z @ 5

Internal exceptions (10 events):
Event: 92.870 Thread 0x000000001674c000 Implicit null exception at 0x0000000003ad3b9d to 0x0000000003ad2341
Event: 92.870 Thread 0x000000001674c000 Implicit null exception at 0x0000000003ad3b9d to 0x0000000003ad2341
Event: 92.916 Thread 0x000000001674c000 Implicit null exception at 0x0000000003ad3b9d to 0x0000000003ad2341
Event: 157.903 Thread 0x000000001757d800 Exception <a 'java/lang/ClassNotFoundException': asLocalRepo18_1ky01fmicos275h7pkga8hxwhBeanInfo> (0x00000000f4cdb698) thrown at [C:\re\workspace\8-2-build-windows-amd64-cygwin\jdk8u72\5732\hotspot\src\share\vm\classfile\systemDictionary.cpp, line 210]
Event: 157.903 Thread 0x000000001757d800 Exception <a 'java/lang/ClassNotFoundException': asLocalRepo18_1ky01fmicos275h7pkga8hxwhCustomizer> (0x00000000f4ce4b88) thrown at [C:\re\workspace\8-2-build-windows-amd64-cygwin\jdk8u72\5732\hotspot\src\share\vm\classfile\systemDictionary.cpp, line 210]
Event: 159.938 Thread 0x000000001757d800 Exception <a 'java/lang/ClassNotFoundException': org/gradle/api/internal/file/collections/DefaultConfigurableFileCollectionBeanInfo> (0x00000000faca9e18) thrown at [C:\re\workspace\8-2-build-windows-amd64-cygwin\jdk8u72\5732\hotspot\src\share\vm\classfile\%B:¶	þc@
Event: 159.939 Thread 0x000000001757d800 Exception <a 'java/lang/ClassNotFoundException': org/gradle/api/internal/file/collections/DefaultConfigurableFileCollectionCustomizer> (0x00000000facbd8a0) thrown at [C:\re\workspace\8-2-build-windows-amd64-cygwin\jdk8u72\5732\hotspot\src\share\vm\classfil
Event: 163.531 Thread 0x000000001757d800 Exception <a 'java/security/PrivilegedActionException'> (0x00000000ebc60c48) thrown at [C:\re\workspace\8-2-build-windows-amd64-cygwin\jdk8u72\5732\hotspot\src\share\vm\prims\jvm.cpp, line 1386]
Event: 163.531 Thread 0x000000001757d800 Exception <a 'java/security/PrivilegedActionException'> (0x00000000ebc61410) thrown at [C:\re\workspace\8-2-build-windows-amd64-cygwin\jdk8u72\5732\hotspot\src\share\vm\prims\jvm.cpp, line 1386]
Event: 164.248 Thread 0x000000001757d800 Exception <a 'java/io/FileNotFoundException'> (0x00000000ede328b0) thrown at [C:\re\workspace\8-2-build-windows-amd64-cygwin\jdk8u72\5732\hotspot\src\share\vm\prims\jni.cpp, line 709]

Events (10 events):
Event: 165.244 Thread 0x000000001757d800 DEOPT PACKING pc=0x00000000042341e8 sp=0x00000000187bb720
Event: 165.244 Thread 0x000000001757d800 DEOPT UNPACKING pc=0x000000000210556a sp=0x00000000187bb610 mode 2
Event: 165.244 Thread 0x000000001757d800 Uncommon trap: trap_request=0xffffffc6 fr.pc=0x00000000042341e8
Event: 165.244 Thread 0x000000001757d800 DEOPT PACKING pc=0x00000000042341e8 sp=0x00000000187bb720
Event: 165.244 Thread 0x000000001757d800 DEOPT UNPACKING pc=0x000000000210556a sp=0x00000000187bb610 mode 2
Event: 165.244 Executing VM operation: ForceSafepoint
Event: 165.245 Executing VM operation: ForceSafepoint done
Event: 165.245 Thread 0x000000001757d800 Uncommon trap: trap_request=0xffffffc6 fr.pc=0x00000000042341e8
Event: 165.245 Thread 0x000000001757d800 DEOPT PACKING pc=0x00000000042341e8 sp=0x00000000187bb720
Event: 165.245 Thread 0x000000001757d800 DEOPT UNPACKING pc=0x000000000210556a sp=0x00000000187bb610 mode 2


Dynamic libraries:
0x00007ff760560000 - 0x00007ff760597000 	C:\Program Files\Java\jdk1.8.0_72\bin\java.exe
0x00007ffe616d0000 - 0x00007ffe61892000 	C:\WINDOWS\SYSTEM32\ntdll.dll
0x00007ffe5fba0000 - 0x00007ffe5fc4d000 	C:\WINDOWS\system32\KERNEL32.DLL
0x00007ffe5e1d0000 - 0x00007ffe5e3ad000 	C:\WINDOWS\system32\KERNELBASE.dll
0x00007ffe5fe10000 - 0x00007ffe5feb6000 	C:\WINDOWS\system32\ADVAPI32.dll
0x00007ffe5f090000 - 0x00007ffe5f12d000 	C:\WINDOWS\system32\msvcrt.dll
0x00007ffe5ee40000 - 0x00007ffe5ee9b000 	C:\WINDOWS\system32\sechost.dll
0x00007ffe61540000 - 0x00007ffe61666000 	C:\WINDOWS\system32\RPCRT4.dll
0x00007ffe5f250000 - 0x00007ffe5f39e000 	C:\WINDOWS\system32\USER32.dll
0x00007ffe5f8b0000 - 0x00007ffe5fa36000 	C:\WINDOWS\system32\GDI32.dll
0x00007ffe58a30000 - 0x00007ffe58ca4000 	C:\WINDOWS\WinSxS\amd64_microsoft.windows.common-controls_6595b64144ccf1df_6.0.10240.16384_none_f41f7b285750ef43\COMCTL32.dll
0x00007ffe5f190000 - 0x00007ffe5f1c6000 	C:\WINDOWS\system32\IMM32.DLL
0x00007ffe5fa40000 - 0x00007ffe5fb9c000 	C:\WINDOWS\system32\MSCTF.dll
0x0000000051030000 - 0x0000000051102000 	C:\Program Files\Java\jdk1.8.0_72\jre\bin\msvcr100.dll
0x00000000514d0000 - 0x0000000051d60000 	C:\Program Files\Java\jdk1.8.0_72\jre\bin\server\jvm.dll
0x00007ffe5f8a0000 - 0x00007ffe5f8a8000 	C:\WINDOWS\system32\PSAPI.DLL
0x00007ffe55410000 - 0x00007ffe55419000 	C:\WINDOWS\SYSTEM32\WSOCK32.dll
0x00007ffe5f4d0000 - 0x00007ffe5f539000 	C:\WINDOWS\system32\WS2_32.dll
0x00007ffe5f240000 - 0x00007ffe5f248000 	C:\WINDOWS\system32\NSI.dll
0x00007ffe5c420000 - 0x00007ffe5c443000 	C:\WINDOWS\SYSTEM32\WINMM.dll
0x00007ffe5a400000 - 0x00007ffe5a40a000 	C:\WINDOWS\SYSTEM32\VERSION.dll
0x00007ffe5c3c0000 - 0x00007ffe5c3ec000 	C:\WINDOWS\SYSTEM32\WINMMBASE.dll
0x00007ffe5e180000 - 0x00007ffe5e1c4000 	C:\WINDOWS\system32\cfgmgr32.dll
0x00007ffe5dbf0000 - 0x00007ffe5dc17000 	C:\WINDOWS\SYSTEM32\DEVOBJ.dll
0x0000000051e60000 - 0x0000000051e6f000 	C:\Program Files\Java\jdk1.8.0_72\jre\bin\verify.dll
0x0000000051e30000 - 0x0000000051e59000 	C:\Program Files\Java\jdk1.8.0_72\jre\bin\java.dll
0x0000000051e10000 - 0x0000000051e26000 	C:\Program Files\Java\jdk1.8.0_72\jre\bin\zip.dll
0x00007ffe5fec0000 - 0x00007ffe613e2000 	C:\WINDOWS\system32\SHELL32.dll
0x00007ffe5e580000 - 0x00007ffe5eba8000 	C:\WINDOWS\system32\windows.storage.dll
0x00007ffe5f620000 - 0x00007ffe5f89c000 	C:\WINDOWS\system32\combase.dll
0x00007ffe5f130000 - 0x00007ffe5f181000 	C:\WINDOWS\system32\shlwapi.dll
0x00007ffe5e0e0000 - 0x00007ffe5e0ef000 	C:\WINDOWS\system32\kernel.appcore.dll
0x00007ffe5e4c0000 - 0x00007ffe5e573000 	C:\WINDOWS\system32\shcore.dll
0x00007ffe5e110000 - 0x00007ffe5e15a000 	C:\WINDOWS\system32\powrprof.dll
0x00007ffe5e0f0000 - 0x00007ffe5e103000 	C:\WINDOWS\system32\profapi.dll
0x0000000051df0000 - 0x0000000051e0a000 	C:\Program Files\Java\jdk1.8.0_72\jre\bin\net.dll
0x00007ffe5d5e0000 - 0x00007ffe5d63d000 	C:\WINDOWS\system32\mswsock.dll
0x0000000051dd0000 - 0x0000000051de1000 	C:\Program Files\Java\jdk1.8.0_72\jre\bin\nio.dll
0x00007ffe4d390000 - 0x00007ffe4d3a2000 	C:\Users\Michael\.gradle\native\19\windows-amd64\native-platform.dll
0x00007ffe5a180000 - 0x00007ffe5a1b8000 	C:\WINDOWS\SYSTEM32\IPHLPAPI.DLL
0x00007ffe5a170000 - 0x00007ffe5a17b000 	C:\WINDOWS\SYSTEM32\WINNSI.DLL
0x00007ffe57920000 - 0x00007ffe57936000 	C:\WINDOWS\SYSTEM32\dhcpcsvc6.DLL
0x00007ffe57ab0000 - 0x00007ffe57aca000 	C:\WINDOWS\SYSTEM32\dhcpcsvc.DLL
0x00007ffe5d640000 - 0x00007ffe5d657000 	C:\WINDOWS\SYSTEM32\CRYPTSP.dll
0x00007ffe5e010000 - 0x00007ffe5e038000 	C:\WINDOWS\SYSTEM32\bcrypt.dll
0x00007ffe5d290000 - 0x00007ffe5d2c3000 	C:\WINDOWS\system32\rsaenh.dll
0x00007ffe5d380000 - 0x00007ffe5d39f000 	C:\WINDOWS\SYSTEM32\USERENV.dll
0x00007ffe5df00000 - 0x00007ffe5df6b000 	C:\WINDOWS\system32\bcryptprimitives.dll
0x00007ffe5d7b0000 - 0x00007ffe5d7bb000 	C:\WINDOWS\SYSTEM32\CRYPTBASE.dll
0x0000000051dc0000 - 0x0000000051dcd000 	C:\Program Files\Java\jdk1.8.0_72\jre\bin\management.dll
0x0000000051140000 - 0x0000000051164000 	C:\Program Files\Java\jdk1.8.0_72\jre\bin\sunec.dll
0x00007ffe5d3a0000 - 0x00007ffe5d448000 	C:\WINDOWS\SYSTEM32\DNSAPI.dll
0x00007ffe55e80000 - 0x00007ffe55e8a000 	C:\Windows\System32\rasadhlp.dll
0x00007ffe57d50000 - 0x00007ffe57db8000 	C:\WINDOWS\System32\fwpuclnt.dll
0x00007ffe5b730000 - 0x00007ffe5b748000 	C:\WINDOWS\system32\NLAapi.dll
0x00007ffe528f0000 - 0x00007ffe52905000 	C:\WINDOWS\system32\napinsp.dll
0x00007ffe52710000 - 0x00007ffe5272a000 	C:\WINDOWS\system32\pnrpnsp.dll
0x00007ffe52700000 - 0x00007ffe5270d000 	C:\WINDOWS\System32\winrnr.dll
0x00007ffe3c5d0000 - 0x00007ffe3c75a000 	C:\WINDOWS\SYSTEM32\dbghelp.dll

VM Arguments:
jvm_args: -XX:MaxPermSize=256m -XX:+HeapDumpOnOutOfMemoryError -Xmx1024m -Dfile.encoding=windows-1252 -Duser.country=US -Duser.language=en -Duser.variant 
java_command: org.gradle.launcher.daemon.bootstrap.GradleDaemon 2.8
java_class_path (initial): C:\Program Files\Android\Android Studio\gradle\gradle-2.8\lib\gradle-launcher-2.8.jar
Launcher Type: SUN_STANDARD

Environment Variables:
CLASSPATH=.;C:\Program Files (x86)\QuickTime\QTSystem\QTJava.zip
PATH=C:\ProgramData\Oracle\Java\javapath;C:\Program Files (x86)\Common Files\Microsoft Shared\Windows Live;C:\Windows\system32;C:\Windows;C:\Windows\System32\Wbem;C:\Windows\System32\WindowsPowerShell\v1.0\;C:\Program Files (x86)\QuickTime\QTSystem\;C:\Program Files (x86)\MiKTeX 2.9\miktex\bin\;C:\WINDOWS\system32;C:\WINDOWS;C:\WINDOWS\System32\Wbem;C:\WINDOWS\System32\WindowsPowerShell\v1.0\;C:\Program Files (x86)\NVIDIA Corporation\PhysX\Common;C:\Users\Michael\Anaconda2;C:\Users\Michael\Anaconda2\Scripts;C:\Users\Michael\Anaconda2\Library\bin;C:\Program Files\Common Files\Microsoft Shared\Windows Live
USERNAME=Michael
OS=Windows_NT
PROCESSOR_IDENTIFIER=Intel64 Family 6 Model 23 Stepping 7, GenuineIntel



---------------  S Y S T E M  ---------------

OS: Windows 10.0 , 64 bit Build 10240 (10.0.10240.16384)

CPU:total 4 (4 cores per cpu, 1 threads per core) family 6 model 23 stepping 7, cmov, cx8, fxsr, mmx, sse, sse2, sse3, ssse3, sse4.1, tsc

Memory: 4k page, physical 8386868k(4686488k free), swap 16775476k(12852656k free)

vm_info: Java HotSpot(TM) 64-Bit Server VM (25.72-b15) for windows-amd64 JRE (1.8.0_72-b15), built on Dec 22 2015 19:16:16 by "java_re" with MS VC++ 10.0 (VS2010)

time: Sun Apr 03 14:46:47 2016
elapsed time: 165 seconds (0d 0h 2m 45s)

